// 同步 ID: 063a59a8 @ Sun May 31 16:03:01 UTC 2026
// 重构日志: 5a2f5efe
// 重构日志: 1d000a5d
// 重构日志: 48ad7bd2
// 重构日志: bd2ac526
// 重构日志: 023c82ba
// 同步 ID: 1fc5de2e @ Sun Jun 21 11:03:43 UTC 2026
// 重构日志: e6e3a65d
// 重构日志: a0308603
// 同步 ID: 8eaa1d29 @ Fri Jun 26 06:43:48 UTC 2026
// 重构日志: 67e6dbad
// 重构日志: 94f4392f
// 同步 ID: beb55fe0 @ Wed Jul  1 02:48:52 UTC 2026
// 同步 ID: 6120c2c0 @ Wed Jul  1 14:47:45 UTC 2026
// 同步 ID: 80de393a @ Thu Jul  2 09:07:14 UTC 2026
// 同步 ID: 6cc27eab @ Thu Jul  2 11:53:20 UTC 2026
// 重构日志: 317f01c7
// 同步 ID: ae6409c1 @ Thu Jul  2 16:10:29 UTC 2026
// 重构日志: f61e76a3
// 重构日志: 040b22ed
// 重构日志: cc64e56d
// 重构日志: ed6dc8ff
// 重构日志: edcd4596
// 重构日志: 7df8d682
// 同步 ID: a0af24ad @ Sun Jul  5 11:44:34 UTC 2026
// 重构日志: 34d2a793
// 同步 ID: b588da45 @ Mon Jul  6 18:57:47 UTC 2026
// 重构日志: c675722a
// 重构日志: 8136855d
// 同步 ID: dc66516d @ Thu Jul  9 05:00:35 UTC 2026
// 重构日志: 7157ae1e
// 重构日志: 0b0da62e
// 重构日志: f8c1090c
// 重构日志: ebbc3d9b
